mode: set
github.com/Sparrho/goswift/settings/runtime.go:15.21,17.33 2 1
github.com/Sparrho/goswift/settings/runtime.go:17.33,18.30 1 1
github.com/Sparrho/goswift/settings/runtime.go:18.30,20.4 1 1
github.com/Sparrho/goswift/settings/runtime.go:25.25,30.16 4 1
github.com/Sparrho/goswift/settings/runtime.go:33.2,34.49 2 1
github.com/Sparrho/goswift/settings/runtime.go:30.16,32.3 1 1
github.com/Sparrho/goswift/settings/runtime.go:38.24,44.18 4 1
github.com/Sparrho/goswift/settings/runtime.go:44.18,46.17 2 1
github.com/Sparrho/goswift/settings/runtime.go:49.3,50.28 2 1
github.com/Sparrho/goswift/settings/runtime.go:46.17,48.4 1 1
github.com/Sparrho/goswift/settings/runtime.go:51.3,54.3 2 1
github.com/Sparrho/goswift/settings/server.go:14.28,17.55 3 1
github.com/Sparrho/goswift/settings/server.go:28.2,28.41 1 1
github.com/Sparrho/goswift/settings/server.go:17.55,19.3 1 0
github.com/Sparrho/goswift/settings/server.go:19.3,21.37 2 1
github.com/Sparrho/goswift/settings/server.go:21.37,24.4 2 1
github.com/Sparrho/goswift/settings/server.go:24.4,26.4 1 1
github.com/Sparrho/goswift/settings/server.go:31.26,33.9 2 0
github.com/Sparrho/goswift/settings/server.go:36.2,36.13 1 0
github.com/Sparrho/goswift/settings/server.go:33.9,35.3 1 0
